quickstart-android/auth/app/build/outputs/mapping/minSdkIcs/release/seeds.txt
com.google.firebase.iid.FirebaseInstanceIdReceiver
com.google.firebase.iid.FirebaseInstanceIdReceiver: FirebaseInstanceIdReceiver()
com.google.firebase.iid.FirebaseInstanceIdService
com.google.firebase.iid.FirebaseInstanceIdService: FirebaseInstanceIdService()
com.google.firebase.iid.zzb: zzb()
com.google.firebase.provider.FirebaseInitProvider
com.google.firebase.provider.FirebaseInitProvider: FirebaseInitProvider()
com.google.firebase.quickstart.auth.AnonymousAuthActivity
com.google.firebase.quickstart.auth.AnonymousAuthActivity: AnonymousAuthActivity()
com.google.firebase.quickstart.auth.AnonymousAuthActivity: void onClick(android.view.View)
com.google.firebase.quickstart.auth.BaseActivity: BaseActivity()
com.google.firebase.quickstart.auth.ChooserActivity
com.google.firebase.quickstart.auth.ChooserActivity: ChooserActivity()
com.google.firebase.quickstart.auth.CustomAuthActivity
com.google.firebase.quickstart.auth.CustomAuthActivity: CustomAuthActivity()
com.google.firebase.quickstart.auth.CustomAuthActivity: void onClick(android.view.View)
com.google.firebase.quickstart.auth.EmailPasswordActivity
com.google.firebase.quickstart.auth.EmailPasswordActivity: EmailPasswordActivity()
com.google.firebase.quickstart.auth.EmailPasswordActivity: void onClick(android.view.View)
com.google.firebase.quickstart.auth.FacebookLoginActivity
com.google.firebase.quickstart.auth.FacebookLoginActivity: FacebookLoginActivity()
com.google.firebase.quickstart.auth.FirebaseUIActivity
com.google.firebase.quickstart.auth.FirebaseUIActivity: FirebaseUIActivity()
com.google.firebase.quickstart.auth.GoogleSignInActivity
com.google.firebase.quickstart.auth.GoogleSignInActivity: GoogleSignInActivity()
com.google.firebase.quickstart.auth.GoogleSignInActivity: void onClick(android.view.View)
com.google.firebase.quickstart.auth.R$anim: int abc_fade_in
com.google.firebase.quickstart.auth.R$anim: int abc_fade_out
com.google.firebase.quickstart.auth.R$anim: int abc_grow_fade_in_from_bottom
com.google.firebase.quickstart.auth.R$anim: int abc_popup_enter
com.google.firebase.quickstart.auth.R$anim: int abc_popup_exit
com.google.firebase.quickstart.auth.R$anim: int abc_shrink_fade_out_from_bottom
com.google.firebase.quickstart.auth.R$anim: int abc_slide_in_bottom
com.google.firebase.quickstart.auth.R$anim: int abc_slide_in_top
com.google.firebase.quickstart.auth.R$anim: int abc_slide_out_bottom
com.google.firebase.quickstart.auth.R$anim: int abc_slide_out_top
com.google.firebase.quickstart.auth.R$attr: int actionBarDivider
com.google.firebase.quickstart.auth.R$attr: int actionBarItemBackground
com.google.firebase.quickstart.auth.R$attr: int actionBarPopupTheme
com.google.firebase.quickstart.auth.R$attr: int actionBarSize
com.google.firebase.quickstart.auth.R$attr: int actionBarSplitStyle
com.google.firebase.quickstart.auth.R$attr: int actionBarStyle
com.google.firebase.quickstart.auth.R$attr: int actionBarTabBarStyle
com.google.firebase.quickstart.auth.R$attr: int actionBarTabStyle
com.google.firebase.quickstart.auth.R$attr: int actionBarTabTextStyle
com.google.firebase.quickstart.auth.R$attr: int actionBarTheme
com.google.firebase.quickstart.auth.R$attr: int actionBarWidgetTheme
com.google.firebase.quickstart.auth.R$attr: int actionButtonStyle
com.google.firebase.quickstart.auth.R$attr: int actionDropDownStyle
com.google.firebase.quickstart.auth.R$attr: int actionLayout
com.google.firebase.quickstart.auth.R$attr: int actionMenuTextAppearance
com.google.firebase.quickstart.auth.R$attr: int actionMenuTextColor
com.google.firebase.quickstart.auth.R$attr: int actionModeBackground
com.google.firebase.quickstart.auth.R$attr: int actionModeCloseButtonStyle
com.google.firebase.quickstart.auth.R$attr: int actionModeCloseDrawable
com.google.firebase.quickstart.auth.R$attr: int actionModeCopyDrawable
com.google.firebase.quickstart.auth.R$attr: int actionModeCutDrawable
com.google.firebase.quickstart.auth.R$attr: int actionModeFindDrawable