quickstart-android/auth/app/build/outputs/mapping/minSdkIcs/release/mapping.txt
com.digits.sdk.android.ButtonThemer -> com.digits.sdk.android.j:
    android.content.res.Resources resources -> a
    int[][] focussedOrPressedButEnabled -> b
    void <init>(android.content.res.Resources) -> <init>
    void setBackgroundAccentColor(android.view.View,int) -> a
    void setBackgroundAccentColorInverse(android.view.View,int) -> b
    int getPressedColor(int) -> c
    int getDisabledColor(int) -> d
    void setTextAccentColor(android.widget.TextView,int) -> a
    void setTextAccentColorInverse(android.widget.TextView,int) -> b
    int getTextColor(int) -> a
    int getTextColorInverse(int) -> b
    void disableDropShadow(android.view.View) -> a
    void <clinit>() -> <clinit>
com.digits.sdk.android.ColorPrimaryImageView -> com.digits.sdk.android.ColorPrimaryImageView:
    void <init>(android.content.Context) -> <init>
    void <init>(android.content.Context,android.util.AttributeSet) -> <init>
    void <init>(android.content.Context,android.util.AttributeSet,int) -> <init>
    void init(android.content.Context) -> a
    int getTextColorPrimary(android.content.Context) -> b
com.digits.sdk.android.ConfirmationCodeActionBarActivity -> com.digits.sdk.android.ConfirmationCodeActionBarActivity:
    void <init>() -> <init>
    com.digits.sdk.android.DigitsActivityDelegate getActivityDelegate() -> k
com.digits.sdk.android.ConfirmationCodeActivity -> com.digits.sdk.android.ConfirmationCodeActivity:
    void <init>() -> <init>
    com.digits.sdk.android.DigitsActivityDelegate getActivityDelegate() -> a
com.digits.sdk.android.ConfirmationCodeActivityDelegate -> com.digits.sdk.android.k:
    android.widget.EditText editText -> a
    com.digits.sdk.android.LinkTextView editPhoneNumberLink -> b
    com.digits.sdk.android.StateButton stateButton -> c
    com.digits.sdk.android.InvertedStateButton resendButton -> d
    com.digits.sdk.android.InvertedStateButton callMeButton -> e
    android.widget.TextView termsText -> f
    android.widget.TextView timerText -> g
    com.digits.sdk.android.DigitsController controller -> h
    com.digits.sdk.android.SmsBroadcastReceiver receiver -> i
    android.app.Activity activity -> j
    com.digits.sdk.android.DigitsScribeService scribeService -> k
    com.digits.sdk.android.AuthConfig config -> l
    com.digits.sdk.android.TosFormatHelper tosFormatHelper -> m
    void <init>(com.digits.sdk.android.DigitsScribeService) -> <init>
    int getLayoutId() -> c
    boolean isValid(android.os.Bundle) -> a
    void init(android.app.Activity,android.os.Bundle) -> a
    com.digits.sdk.android.DigitsController initController(android.os.Bundle) -> b
    void setUpSendButton(android.app.Activity,com.digits.sdk.android.DigitsController,com.digits.sdk.android.StateButton) -> a
    void setUpTermsText(android.app.Activity,com.digits.sdk.android.DigitsController,android.widget.TextView) -> a
    void onResume() -> b
    void onDestroy() -> a
    void setUpSmsIntercept(android.app.Activity,android.widget.EditText) -> a