quickstart-android/auth/app/build/outputs/mapping/minSdkIcs/release/usage.txt
com.google.android.gms.auth.GoogleAuthUtil
com.google.android.gms.auth.GooglePlayServicesAvailabilityException
com.google.android.gms.auth.TokenData
com.google.android.gms.auth.UserRecoverableAuthException
com.google.android.gms.auth.UserRecoverableNotifiedException
com.google.android.gms.auth.account.WorkAccount
com.google.android.gms.auth.account.WorkAccount$1
com.google.android.gms.auth.account.WorkAccountApi
com.google.android.gms.auth.account.WorkAccountApi$AddAccountResult
com.google.android.gms.auth.account.zza
com.google.android.gms.auth.account.zza$zza
com.google.android.gms.auth.account.zza$zza$zza
com.google.android.gms.auth.account.zzb
com.google.android.gms.auth.account.zzb$zza
com.google.android.gms.auth.account.zzb$zza$zza
com.google.android.gms.auth.api.Auth:
    private Auth()
com.google.android.gms.auth.api.Auth$AuthCredentialsOptions:
    public com.google.android.gms.auth.api.credentials.PasswordSpecification zzqt()
com.google.android.gms.auth.api.Auth$AuthCredentialsOptions$Builder
com.google.android.gms.auth.api.credentials.Credential:
    public static final java.lang.String EXTRA_KEY
    static synthetic java.lang.String zza(com.google.android.gms.auth.api.credentials.Credential)
    static synthetic java.lang.String zzb(com.google.android.gms.auth.api.credentials.Credential)
    static synthetic android.net.Uri zzc(com.google.android.gms.auth.api.credentials.Credential)
    static synthetic java.util.List zzd(com.google.android.gms.auth.api.credentials.Credential)
    static synthetic java.lang.String zze(com.google.android.gms.auth.api.credentials.Credential)
    static synthetic java.lang.String zzf(com.google.android.gms.auth.api.credentials.Credential)
    static synthetic java.lang.String zzg(com.google.android.gms.auth.api.credentials.Credential)
    static synthetic java.lang.String zzh(com.google.android.gms.auth.api.credentials.Credential)
    static synthetic java.lang.String zzi(com.google.android.gms.auth.api.credentials.Credential)
    static synthetic java.lang.String zzj(com.google.android.gms.auth.api.credentials.Credential)
com.google.android.gms.auth.api.credentials.Credential$Builder
com.google.android.gms.auth.api.credentials.CredentialPickerConfig$Builder:
    public com.google.android.gms.auth.api.credentials.CredentialPickerConfig$Builder setShowAddAccountButton(boolean)
    public com.google.android.gms.auth.api.credentials.CredentialPickerConfig$Builder setShowCancelButton(boolean)
    public com.google.android.gms.auth.api.credentials.CredentialPickerConfig$Builder setPrompt(int)
    public com.google.android.gms.auth.api.credentials.CredentialPickerConfig$Builder setForNewAccount(boolean)
com.google.android.gms.auth.api.credentials.CredentialPickerConfig$Prompt
com.google.android.gms.auth.api.credentials.CredentialRequest:
    private CredentialRequest(com.google.android.gms.auth.api.credentials.CredentialRequest$Builder)
    public boolean getSupportsPasswordLogin()
    synthetic CredentialRequest(com.google.android.gms.auth.api.credentials.CredentialRequest$Builder,com.google.android.gms.auth.api.credentials.CredentialRequest$1)
com.google.android.gms.auth.api.credentials.CredentialRequest$1
com.google.android.gms.auth.api.credentials.CredentialRequest$Builder
com.google.android.gms.auth.api.credentials.CredentialRequestResult